1597271672655	geckodriver	INFO	Listening on 127.0.0.1:56397
1597271673661	mozrunner::runner	INFO	Running command: "/usr/bin/firefox" "--marionette" "-foreground" "-no-remote" "-profile" "/tmp/rust_mozprofile2ZStU8"
console.error: SearchCache: "_readCacheFile: Error reading cache file:" (new Error("", "(unknown module)"))
1597271676561	Marionette	INFO	Listening on port 42477
1597271676575	Marionette	WARN	TLS certificate errors will be ignored for this session
1597271884500	Marionette	INFO	Stopped listening on port 42477
1597272043724	geckodriver	INFO	Listening on 127.0.0.1:55175
1597272043732	mozrunner::runner	INFO	Running command: "/usr/bin/firefox" "--marionette" "-foreground" "-no-remote" "-profile" "/tmp/rust_mozprofileKGzYIz"
console.error: SearchCache: "_readCacheFile: Error reading cache file:" (new Error("", "(unknown module)"))
1597272046669	Marionette	INFO	Listening on port 43849
1597272046742	Marionette	WARN	TLS certificate errors will be ignored for this session
console.error: Region.jsm: "Error fetching region" (new AbortError("The operation was aborted. ", (void 0), 636))
console.error: Region.jsm: "Failed to fetch region" (new Error("NO_RESULT", "resource://gre/modules/Region.jsm", 343))
1597272273690	Marionette	INFO	Stopped listening on port 43849
1597272277626	geckodriver	INFO	Listening on 127.0.0.1:51137
1597272277634	mozrunner::runner	INFO	Running command: "/usr/bin/firefox" "--marionette" "-foreground" "-no-remote" "-profile" "/tmp/rust_mozprofile00OwWe"
console.error: SearchCache: "_readCacheFile: Error reading cache file:" (new Error("", "(unknown module)"))
1597272280631	Marionette	INFO	Listening on port 41601
1597272280647	Marionette	WARN	TLS certificate errors will be ignored for this session
1597272899394	Marionette	INFO	Stopped listening on port 41601
